<?xml version="1.0" encoding="UTF-8"?>
<testsuite xmlns:xsi="http://www.w3.org/2001/XMLSchema-instance" xsi:noNamespaceSchemaLocation="https://maven.apache.org/surefire/maven-surefire-plugin/xsd/surefire-test-report-3.0.xsd" version="3.0" name="ua.lpnu.AppTest" time="0.078" tests="4" errors="0" skipped="0" failures="0">
  <properties>
[...]
</properties>
  <testcase name="testErr" classname="ua.lpnu.AppTest" time="0.006"/>
  <testcase name="testFactorial" classname="ua.lpnu.AppTest" time="0.0"/>
  <testcase name="testP" classname="ua.lpnu.AppTest" time="0.0"/>
  <testcase name="testTeylor" classname="ua.lpnu.AppTest" time="0.012">
    <system-out><![CDATA[Iterations number: 4
Error: 5.740550958480695E-4
]]></system-out>
  </testcase>
</testsuite>